<component name="ProjectRunConfigurationManager">
  <configuration default="false" name="JUnit Tests" type="JUnit" factoryName="JUnit" singleton="true">
    <extension name="coverage" enabled="false" merge="false" sample_coverage="true" runner="idea" />
    <module name="swen221-assignment-template_main" />
    <option name="ALTERNATIVE_JRE_PATH_ENABLED" value="false" />
    <option name="ALTERNATIVE_JRE_PATH" />
    <option name="PACKAGE_NAME" value="swen221" />
    <option name="MAIN_CLASS_NAME" value="" />
    <option name="METHOD_NAME" value="" />
    <option name="TEST_OBJECT" value="package" />
    <option name="VM_PARAMETERS" value="-ea" />
    <option name="PARAMETERS" value="" />
    <option name="WORKING_DIRECTORY" value="file://$PROJECT_DIR$" />
    <option name="ENV_VARIABLES" />
    <option name="PASS_PARENT_ENVS" value="true" />
    <option name="TEST_SEARCH_SCOPE">
      <value defaultName="singleModule" />
    </option>
    <envs />
    <patterns />
    <method />
  </configuration>
</component>
